<?xml version="1.0" encoding="UTF-8"?>
<!-- Generated by org.testng.reporters.JUnitXMLReporter -->
<testsuite ignored="6" hostname="DESKTOP-G5M5I8R" failures="0" tests="5" name="Default test" time="44.355" errors="0" timestamp="2024-06-23T22:13:17 EET">
  <testcase classname="almosafeer.myTestCases" name="ChanageTheLanguageOfTheWebSitePrandomly" time="1.695"/>
  <testcase classname="almosafeer.myTestCases" name="HotelSelection" time="4.554"/>
  <testcase classname="almosafeer.myTestCases" name="selectNumberOfPeople" time="9.966"/>
  <testcase classname="almosafeer.myTestCases" name="checkThePageFullyLoaded" time="16.035"/>
  <testcase classname="almosafeer.myTestCases" name="SortItems" time="5.148"/>
  <testcase classname="almosafeer.myTestCases" name="hotelIsNotSelected" time="0.0">
    <ignored/>
  </testcase> <!-- hotelIsNotSelected -->
  <testcase classname="almosafeer.myTestCases" name="checkDepatureAndDate" time="0.0">
    <ignored/>
  </testcase> <!-- checkDepatureAndDate -->
  <testcase classname="almosafeer.myTestCases" name="Contact_Number" time="0.0">
    <ignored/>
  </testcase> <!-- Contact_Number -->
  <testcase classname="almosafeer.myTestCases" name="testTheCurrencySAR" time="0.0">
    <ignored/>
  </testcase> <!-- testTheCurrencySAR -->
  <testcase classname="almosafeer.myTestCases" name="checkTheLogoIsDisplay" time="0.0">
    <ignored/>
  </testcase> <!-- checkTheLogoIsDisplay -->
  <testcase classname="almosafeer.myTestCases" name="checkTheLanguage" time="0.0">
    <ignored/>
  </testcase> <!-- checkTheLanguage -->
</testsuite> <!-- Default test -->
