<?xml version="1.0" encoding="UTF-8"?>
<testng-results ignored="6" total="9" passed="3" failed="0" skipped="0">
  <reporter-output>
  </reporter-output>
  <suite started-at="2024-06-22T17:21:11 EET" name="Default suite" finished-at="2024-06-22T17:21:41 EET" duration-ms="30753">
    <groups>
    </groups>
    <test started-at="2024-06-22T17:21:11 EET" name="Default test" finished-at="2024-06-22T17:21:41 EET" duration-ms="30753">
      <class name="almosafeer.myTestCases">
        <test-method is-config="true" signature="mySetUp()[pri:0, instance:almosafeer.myTestCases@4648ce9]" started-at="2024-06-22T17:21:11 EET" name="mySetUp" finished-at="2024-06-22T17:21:19 EET" duration-ms="7968" status="PASS">
          <reporter-output>
          </reporter-output>
        </test-method> <!-- mySetUp -->
        <test-method signature="ChanageTheLanguageOfTheWebSitePrandomly()[pri:1, instance:almosafeer.myTestCases@4648ce9]" started-at="2024-06-22T17:21:19 EET" name="ChanageTheLanguageOfTheWebSitePrandomly" finished-at="2024-06-22T17:21:27 EET" duration-ms="8219" status="PASS">
          <reporter-output>
          </reporter-output>
        </test-method> <!-- ChanageTheLanguageOfTheWebSitePrandomly -->
        <test-method signature="HotelSelection()[pri:2, instance:almosafeer.myTestCases@4648ce9]" started-at="2024-06-22T17:21:27 EET" name="HotelSelection" finished-at="2024-06-22T17:21:28 EET" duration-ms="832" status="PASS">
          <reporter-output>
          </reporter-output>
        </test-method> <!-- HotelSelection -->
        <test-method signature="selectNumberOfPeople()[pri:3, instance:almosafeer.myTestCases@4648ce9]" started-at="2024-06-22T17:21:28 EET" name="selectNumberOfPeople" finished-at="2024-06-22T17:21:41 EET" duration-ms="13677" status="PASS">
          <reporter-output>
          </reporter-output>
        </test-method> <!-- selectNumberOfPeople -->
      </class> <!-- almosafeer.myTestCases -->
    </test> <!-- Default test -->
  </suite> <!-- Default suite -->
</testng-results>
